<?xml version="1.0" encoding="UTF-8"?>
<!-- Generated by org.testng.reporters.JUnitXMLReporter -->
<testsuite ignored="0" hostname="DESKTOP-3DAL35K" failures="0" tests="10" name="Default test" time="0.108" errors="0" timestamp="2023-07-26T16:38:42 IST">
  <testcase classname="TestNgSessions.InvocationCount" name="createUser" time="0.014"/>
  <testcase classname="TestNgSessions.InvocationCount" name="createUser" time="0.003"/>
  <testcase classname="TestNgSessions.InvocationCount" name="createUser" time="0.001"/>
  <testcase classname="TestNgSessions.InvocationCount" name="createUser" time="0.002"/>
  <testcase classname="TestNgSessions.InvocationCount" name="createUser" time="0.002"/>
  <testcase classname="TestNgSessions.InvocationCount" name="createUser" time="0.002"/>
  <testcase classname="TestNgSessions.InvocationCount" name="createUser" time="0.001"/>
  <testcase classname="TestNgSessions.InvocationCount" name="createUser" time="0.001"/>
  <testcase classname="TestNgSessions.InvocationCount" name="createUser" time="0.001"/>
  <testcase classname="TestNgSessions.InvocationCount" name="createUser" time="0.001"/>
</testsuite> <!-- Default test -->
